{"/Users/venkat299/code/harvest_api/harvest_strategy/index.js":{"path":"/Users/venkat299/code/harvest_api/harvest_strategy/index.js","s":{"1":1,"2":1,"3":1,"4":0,"5":0,"6":0,"7":0,"8":0,"9":0},"b":{},"f":{"1":0},"fnMap":{"1":{"name":"(anonymous_1)","line":6,"loc":{"start":{"line":6,"column":17},"end":{"line":6,"column":36}}}},"statementMap":{"1":{"start":{"line":2,"column":0},"end":{"line":2,"column":48}},"2":{"start":{"line":4,"column":0},"end":{"line":4,"column":14}},"3":{"start":{"line":6,"column":0},"end":{"line":22,"column":1}},"4":{"start":{"line":8,"column":2},"end":{"line":8,"column":19}},"5":{"start":{"line":9,"column":2},"end":{"line":9,"column":37}},"6":{"start":{"line":10,"column":2},"end":{"line":10,"column":30}},"7":{"start":{"line":13,"column":2},"end":{"line":13,"column":67}},"8":{"start":{"line":14,"column":2},"end":{"line":14,"column":85}},"9":{"start":{"line":17,"column":2},"end":{"line":19,"column":3}}},"branchMap":{}},"/Users/venkat299/code/harvest_api/harvest_strategy/lib/fifty_2_wk.js":{"path":"/Users/venkat299/code/harvest_api/harvest_strategy/lib/fifty_2_wk.js","s":{"1":1,"2":1,"3":0,"4":0,"5":0,"6":0,"7":0,"8":0,"9":0,"10":0,"11":0,"12":0,"13":0,"14":0,"15":0,"16":0,"17":0,"18":0,"19":0,"20":0,"21":0,"22":0,"23":0,"24":0,"25":0,"26":0,"27":0,"28":1,"29":0,"30":1,"31":1},"b":{"1":[0,0],"2":[0,0],"3":[0,0],"4":[0,0],"5":[0,0]},"f":{"1":0,"2":0,"3":0},"fnMap":{"1":{"name":"(anonymous_1)","line":10,"loc":{"start":{"line":10,"column":10},"end":{"line":10,"column":28}}},"2":{"name":"(anonymous_2)","line":20,"loc":{"start":{"line":20,"column":4},"end":{"line":20,"column":23}}},"3":{"name":"(anonymous_3)","line":70,"loc":{"start":{"line":70,"column":19},"end":{"line":70,"column":35}}}},"statementMap":{"1":{"start":{"line":4,"column":0},"end":{"line":8,"column":2}},"2":{"start":{"line":10,"column":0},"end":{"line":68,"column":1}},"3":{"start":{"line":11,"column":1},"end":{"line":11,"column":20}},"4":{"start":{"line":12,"column":1},"end":{"line":12,"column":38}},"5":{"start":{"line":13,"column":1},"end":{"line":13,"column":19}},"6":{"start":{"line":14,"column":1},"end":{"line":14,"column":23}},"7":{"start":{"line":15,"column":1},"end":{"line":15,"column":62}},"8":{"start":{"line":17,"column":1},"end":{"line":65,"column":4}},"9":{"start":{"line":21,"column":2},"end":{"line":21,"column":31}},"10":{"start":{"line":22,"column":2},"end":{"line":56,"column":3}},"11":{"start":{"line":23,"column":3},"end":{"line":28,"column":4}},"12":{"start":{"line":29,"column":3},"end":{"line":29,"column":39}},"13":{"start":{"line":30,"column":3},"end":{"line":30,"column":17}},"14":{"start":{"line":31,"column":3},"end":{"line":31,"column":46}},"15":{"start":{"line":32,"column":3},"end":{"line":32,"column":65}},"16":{"start":{"line":36,"column":3},"end":{"line":36,"column":28}},"17":{"start":{"line":37,"column":3},"end":{"line":55,"column":4}},"18":{"start":{"line":39,"column":4},"end":{"line":39,"column":41}},"19":{"start":{"line":42,"column":4},"end":{"line":42,"column":67}},"20":{"start":{"line":43,"column":4},"end":{"line":47,"column":5}},"21":{"start":{"line":48,"column":4},"end":{"line":48,"column":18}},"22":{"start":{"line":49,"column":4},"end":{"line":49,"column":47}},"23":{"start":{"line":51,"column":4},"end":{"line":51,"column":36}},"24":{"start":{"line":52,"column":4},"end":{"line":52,"column":21}},"25":{"start":{"line":53,"column":4},"end":{"line":53,"column":127}},"26":{"start":{"line":54,"column":4},"end":{"line":54,"column":18}},"27":{"start":{"line":58,"column":2},"end":{"line":64,"column":5}},"28":{"start":{"line":70,"column":0},"end":{"line":72,"column":1}},"29":{"start":{"line":71,"column":1},"end":{"line":71,"column":5}},"30":{"start":{"line":75,"column":0},"end":{"line":75,"column":24}},"31":{"start":{"line":76,"column":0},"end":{"line":76,"column":42}}},"branchMap":{"1":{"line":22,"type":"if","locations":[{"start":{"line":22,"column":2},"end":{"line":22,"column":2}},{"start":{"line":22,"column":2},"end":{"line":22,"column":2}}]},"2":{"line":22,"type":"binary-expr","locations":[{"start":{"line":22,"column":7},"end":{"line":22,"column":15}},{"start":{"line":22,"column":19},"end":{"line":22,"column":29}}]},"3":{"line":27,"type":"binary-expr","locations":[{"start":{"line":27,"column":9},"end":{"line":27,"column":17}},{"start":{"line":27,"column":21},"end":{"line":27,"column":31}}]},"4":{"line":37,"type":"if","locations":[{"start":{"line":37,"column":3},"end":{"line":37,"column":3}},{"start":{"line":37,"column":3},"end":{"line":37,"column":3}}]},"5":{"line":37,"type":"binary-expr","locations":[{"start":{"line":37,"column":8},"end":{"line":37,"column":16}},{"start":{"line":37,"column":20},"end":{"line":37,"column":30}}]}}}}